2022-05-28 00:44:54,515 INFO com.netflix.discovery.DiscoveryClient [RMI TCP Connection(61)-127.0.0.1] Completed shut down of DiscoveryClient
2022-05-28 02:22:38,700 INFO org.hibernate.validator.internal.util.Version [background-preinit] HV000001: Hibernate Validator 6.2.0.Final
2022-05-28 02:22:38,703 INFO org.springframework.boot.StartupInfoLogger [restartedMain] Starting GatewayServerApplication using Java 17.0.2 on MacBook-Pro-de-Javier.local with PID 18474 (/Users/javieralejandrocalixtocano/Documents/workspace-spring-tool-suite-4-4.14.1.RELEASE/GatewayServer/target/classes started by javieralejandrocalixtocano in /Users/javieralejandrocalixtocano/Documents/workspace-spring-tool-suite-4-4.14.1.RELEASE/GatewayServer)
2022-05-28 02:22:38,704 INFO org.springframework.boot.SpringApplication [restartedMain] No active profile set, falling back to default profiles: default
2022-05-28 02:22:38,724 INFO org.springframework.boot.logging.DeferredLog [restartedMain] Devtools property defaults active! Set 'spring.devtools.add-properties' to 'false' to disable
2022-05-28 02:22:38,724 INFO org.springframework.boot.logging.DeferredLog [restartedMain] For additional web related logging consider setting the 'logging.level.web' property to 'DEBUG'
2022-05-28 02:22:39,211 INFO org.springframework.cloud.context.scope.GenericScope [restartedMain] BeanFactory id=5d871b01-14f3-3b2d-b305-0dc54730a9ef
2022-05-28 02:22:39,344 INFO org.springframework.context.support.PostProcessorRegistrationDelegate$BeanPostProcessorChecker [restartedMain] Bean 'org.springframework.cloud.client.loadbalancer.reactive.LoadBalancerBeanPostProcessorAutoConfiguration' of type [org.springframework.cloud.client.loadbalancer.reactive.LoadBalancerBeanPostProcessorAutoConfiguration] is not eligible for getting processed by all BeanPostProcessors (for example: not eligible for auto-proxying)
2022-05-28 02:22:39,346 INFO org.springframework.context.support.PostProcessorRegistrationDelegate$BeanPostProcessorChecker [restartedMain] Bean 'org.springframework.cloud.client.loadbalancer.reactive.LoadBalancerBeanPostProcessorAutoConfiguration$ReactorDeferringLoadBalancerFilterConfig' of type [org.springframework.cloud.client.loadbalancer.reactive.LoadBalancerBeanPostProcessorAutoConfiguration$ReactorDeferringLoadBalancerFilterConfig] is not eligible for getting processed by all BeanPostProcessors (for example: not eligible for auto-proxying)
2022-05-28 02:22:39,349 INFO org.springframework.context.support.PostProcessorRegistrationDelegate$BeanPostProcessorChecker [restartedMain] Bean 'reactorDeferringLoadBalancerExchangeFilterFunction' of type [org.springframework.cloud.client.loadbalancer.reactive.DeferringLoadBalancerExchangeFilterFunction] is not eligible for getting processed by all BeanPostProcessors (for example: not eligible for auto-proxying)
2022-05-28 02:22:39,983 INFO org.springframework.cloud.gateway.route.RouteDefinitionRouteLocator [restartedMain] Loaded RoutePredicateFactory [After]
2022-05-28 02:22:39,984 INFO org.springframework.cloud.gateway.route.RouteDefinitionRouteLocator [restartedMain] Loaded RoutePredicateFactory [Before]
2022-05-28 02:22:39,984 INFO org.springframework.cloud.gateway.route.RouteDefinitionRouteLocator [restartedMain] Loaded RoutePredicateFactory [Between]
2022-05-28 02:22:39,984 INFO org.springframework.cloud.gateway.route.RouteDefinitionRouteLocator [restartedMain] Loaded RoutePredicateFactory [Cookie]
2022-05-28 02:22:39,984 INFO org.springframework.cloud.gateway.route.RouteDefinitionRouteLocator [restartedMain] Loaded RoutePredicateFactory [Header]
2022-05-28 02:22:39,984 INFO org.springframework.cloud.gateway.route.RouteDefinitionRouteLocator [restartedMain] Loaded RoutePredicateFactory [Host]
2022-05-28 02:22:39,984 INFO org.springframework.cloud.gateway.route.RouteDefinitionRouteLocator [restartedMain] Loaded RoutePredicateFactory [Method]
2022-05-28 02:22:39,984 INFO org.springframework.cloud.gateway.route.RouteDefinitionRouteLocator [restartedMain] Loaded RoutePredicateFactory [Path]
2022-05-28 02:22:39,984 INFO org.springframework.cloud.gateway.route.RouteDefinitionRouteLocator [restartedMain] Loaded RoutePredicateFactory [Query]
2022-05-28 02:22:39,984 INFO org.springframework.cloud.gateway.route.RouteDefinitionRouteLocator [restartedMain] Loaded RoutePredicateFactory [ReadBody]
2022-05-28 02:22:39,984 INFO org.springframework.cloud.gateway.route.RouteDefinitionRouteLocator [restartedMain] Loaded RoutePredicateFactory [RemoteAddr]
2022-05-28 02:22:39,984 INFO org.springframework.cloud.gateway.route.RouteDefinitionRouteLocator [restartedMain] Loaded RoutePredicateFactory [XForwardedRemoteAddr]
2022-05-28 02:22:39,984 INFO org.springframework.cloud.gateway.route.RouteDefinitionRouteLocator [restartedMain] Loaded RoutePredicateFactory [Weight]
2022-05-28 02:22:39,984 INFO org.springframework.cloud.gateway.route.RouteDefinitionRouteLocator [restartedMain] Loaded RoutePredicateFactory [CloudFoundryRouteService]
2022-05-28 02:22:41,203 WARN org.springframework.cloud.sleuth.autoconfig.zipkin2.ZipkinAutoConfiguration [restartedMain] Check result of the [WebClientSender{http://localhost:9411/api/v2/spans}] contains an error [CheckResult{ok=false, error=java.util.concurrent.TimeoutException: WebClientSender{http://localhost:9411/api/v2/spans} check() timed out after 1000ms}]
2022-05-28 02:22:41,409 ERROR io.netty.resolver.dns.DnsServerAddressStreamProviders [WebClientSender{http://localhost:9411/api/v2/spans} check()] Unable to load io.netty.resolver.dns.macos.MacOSDnsServerAddressStreamProvider, fallback to system defaults. This may result in incorrect DNS resolutions on MacOS.
java.lang.reflect.InvocationTargetException: null
	at java.base/jdk.internal.reflect.NativeConstructorAccessorImpl.newInstance0(Native Method)
	at java.base/jdk.internal.reflect.NativeConstructorAccessorImpl.newInstance(NativeConstructorAccessorImpl.java:77)
	at java.base/jdk.internal.reflect.DelegatingConstructorAccessorImpl.newInstance(DelegatingConstructorAccessorImpl.java:45)
	at java.base/java.lang.reflect.Constructor.newInstanceWithCaller(Constructor.java:499)
	at java.base/java.lang.reflect.Constructor.newInstance(Constructor.java:480)
	at io.netty.resolver.dns.DnsServerAddressStreamProviders.<clinit>(DnsServerAddressStreamProviders.java:64)
	at io.netty.resolver.dns.DnsNameResolverBuilder.<init>(DnsNameResolverBuilder.java:60)
	at reactor.netty.transport.NameResolverProvider.newNameResolverGroup(NameResolverProvider.java:479)
	at reactor.netty.tcp.TcpResources.getOrCreateDefaultResolver(TcpResources.java:315)
	at reactor.netty.http.HttpResources.getOrCreateDefaultResolver(HttpResources.java:139)
	at reactor.netty.http.client.HttpClientConfig.defaultAddressResolverGroup(HttpClientConfig.java:382)
	at reactor.netty.transport.ClientTransportConfig.resolverInternal(ClientTransportConfig.java:224)
	at reactor.netty.http.client.HttpClientConfig.resolverInternal(HttpClientConfig.java:436)
	at reactor.netty.http.client.HttpClientConnect$MonoHttpConnect.lambda$subscribe$0(HttpClientConnect.java:264)
	at reactor.core.publisher.MonoCreate.subscribe(MonoCreate.java:57)
	at reactor.core.publisher.FluxRetryWhen.subscribe(FluxRetryWhen.java:77)
	at reactor.core.publisher.MonoRetryWhen.subscribeOrReturn(MonoRetryWhen.java:46)
	at reactor.core.publisher.InternalMonoOperator.subscribe(InternalMonoOperator.java:57)
	at reactor.netty.http.client.HttpClientConnect$MonoHttpConnect.subscribe(HttpClientConnect.java:271)
	at reactor.core.publisher.InternalMonoOperator.subscribe(InternalMonoOperator.java:64)
	at reactor.core.publisher.MonoDefer.subscribe(MonoDefer.java:52)
	at reactor.core.publisher.Mono.subscribe(Mono.java:4400)
	at reactor.core.publisher.Mono.subscribeWith(Mono.java:4515)
	at reactor.core.publisher.Mono.subscribe(Mono.java:4232)
	at org.springframework.cloud.sleuth.zipkin2.WebClientSender.post(WebClientSender.java:41)
	at org.springframework.cloud.sleuth.zipkin2.WebClientSender.lambda$new$0(WebClientSender.java:36)
	at org.springframework.cloud.sleuth.zipkin2.HttpSender.post(HttpSender.java:137)
	at org.springframework.cloud.sleuth.zipkin2.HttpSender.check(HttpSender.java:123)
	at org.springframework.cloud.sleuth.zipkin2.WebClientSender.check(WebClientSender.java:33)
	at org.springframework.cloud.sleuth.autoconfig.zipkin2.ZipkinAutoConfiguration$1.run(ZipkinAutoConfiguration.java:103)
Caused by: java.lang.UnsatisfiedLinkError: 'io.netty.resolver.dns.macos.DnsResolver[] io.netty.resolver.dns.macos.MacOSDnsServerAddressStreamProvider.resolvers()'
	at io.netty.resolver.dns.macos.MacOSDnsServerAddressStreamProvider.resolvers(Native Method)
	at io.netty.resolver.dns.macos.MacOSDnsServerAddressStreamProvider.retrieveCurrentMappings(MacOSDnsServerAddressStreamProvider.java:127)
	at io.netty.resolver.dns.macos.MacOSDnsServerAddressStreamProvider.<init>(MacOSDnsServerAddressStreamProvider.java:123)
	... 30 common frames omitted
2022-05-28 02:22:41,452 WARN org.springframework.boot.devtools.autoconfigure.OptionalLiveReloadServer [restartedMain] Unable to start LiveReload server
2022-05-28 02:22:41,474 INFO org.springframework.cloud.netflix.eureka.config.DiscoveryClientOptionalArgsConfiguration [restartedMain] Eureka HTTP Client uses RestTemplate.
