2022-05-27 10:03:16,094 INFO com.netflix.discovery.DiscoveryClient [restartedMain] Force full registry fetch : false
2022-05-27 10:03:16,095 INFO com.netflix.discovery.DiscoveryClient [restartedMain] Application is null : false
2022-05-27 10:03:16,095 INFO com.netflix.discovery.DiscoveryClient [restartedMain] Registered Applications size is zero : true
2022-05-27 10:03:16,095 INFO com.netflix.discovery.DiscoveryClient [restartedMain] Application version is -1: true
2022-05-27 10:03:16,095 INFO com.netflix.discovery.DiscoveryClient [restartedMain] Getting all instance registry info from the eureka server
2022-05-27 10:03:16,249 INFO com.netflix.discovery.DiscoveryClient [restartedMain] The response status is 200
2022-05-27 10:03:16,251 INFO com.netflix.discovery.DiscoveryClient [restartedMain] Starting heartbeat executor: renew interval is: 30
2022-05-27 10:03:16,255 INFO com.netflix.discovery.InstanceInfoReplicator [restartedMain] InstanceInfoReplicator onDemand update allowed rate per min is 4
2022-05-27 10:03:16,260 INFO com.netflix.discovery.DiscoveryClient [restartedMain] Discovery Client initialized at timestamp 1653663796260 with initial instances count: 2
2022-05-27 10:03:16,261 INFO org.springframework.cloud.netflix.eureka.serviceregistry.EurekaServiceRegistry [restartedMain] Registering application API-GATEWAY-SERVER with eureka with status UP
2022-05-27 10:03:16,261 INFO com.netflix.discovery.DiscoveryClient$3 [restartedMain] Saw local status change event StatusChangeEvent [timestamp=1653663796261, current=UP, previous=STARTING]
2022-05-27 10:03:16,262 INFO com.netflix.discovery.DiscoveryClient [DiscoveryClient-InstanceInfoReplicator-0] DiscoveryClient_API-GATEWAY-SERVER/192.168.100.35:api-gateway-server:8090: registering service...
2022-05-27 10:03:16,280 INFO com.netflix.discovery.DiscoveryClient [DiscoveryClient-InstanceInfoReplicator-0] DiscoveryClient_API-GATEWAY-SERVER/192.168.100.35:api-gateway-server:8090 - registration status: 204
2022-05-27 10:03:16,325 INFO org.springframework.boot.web.embedded.netty.NettyWebServer [restartedMain] Netty started on port 8090
2022-05-27 10:03:16,326 INFO org.springframework.cloud.netflix.eureka.serviceregistry.EurekaAutoServiceRegistration [restartedMain] Updating port to 8090
2022-05-27 10:03:16,337 INFO org.springframework.boot.StartupInfoLogger [restartedMain] Started GatewayServerApplication in 1.419 seconds (JVM running for 1.874)
2022-05-27 10:03:22,833 WARN org.springframework.cloud.loadbalancer.core.RoundRobinLoadBalancer [reactor-http-nio-3] No servers available for service: api-articulos
2022-05-27 10:03:27,301 WARN org.springframework.cloud.loadbalancer.core.RoundRobinLoadBalancer [reactor-http-nio-3] No servers available for service: api-articulos
2022-05-27 10:03:29,658 WARN org.springframework.cloud.loadbalancer.core.RoundRobinLoadBalancer [reactor-http-nio-3] No servers available for service: api-articulos
2022-05-27 10:04:27,799 WARN org.springframework.cloud.loadbalancer.core.RoundRobinLoadBalancer [reactor-http-nio-3] No servers available for service: api-articulos
2022-05-27 10:04:28,534 WARN org.springframework.cloud.loadbalancer.core.RoundRobinLoadBalancer [reactor-http-nio-3] No servers available for service: api-articulos
2022-05-27 10:04:29,038 WARN org.springframework.cloud.loadbalancer.core.RoundRobinLoadBalancer [reactor-http-nio-3] No servers available for service: api-articulos
2022-05-27 10:04:29,375 WARN org.springframework.cloud.loadbalancer.core.RoundRobinLoadBalancer [reactor-http-nio-3] No servers available for service: api-articulos
2022-05-27 10:04:29,819 WARN org.springframework.cloud.loadbalancer.core.RoundRobinLoadBalancer [reactor-http-nio-3] No servers available for service: api-articulos
2022-05-27 10:04:30,465 WARN org.springframework.cloud.loadbalancer.core.RoundRobinLoadBalancer [reactor-http-nio-3] No servers available for service: api-articulos
2022-05-27 10:04:30,998 WARN org.springframework.cloud.loadbalancer.core.RoundRobinLoadBalancer [reactor-http-nio-3] No servers available for service: api-articulos
2022-05-27 10:04:31,680 WARN org.springframework.cloud.loadbalancer.core.RoundRobinLoadBalancer [reactor-http-nio-3] No servers available for service: api-articulos
2022-05-27 10:04:34,836 WARN org.springframework.cloud.loadbalancer.core.RoundRobinLoadBalancer [reactor-http-nio-3] No servers available for service: api-articulos
2022-05-27 10:04:35,499 WARN org.springframework.cloud.loadbalancer.core.RoundRobinLoadBalancer [reactor-http-nio-3] No servers available for service: api-articulos
2022-05-27 10:04:36,139 WARN org.springframework.cloud.loadbalancer.core.RoundRobinLoadBalancer [reactor-http-nio-3] No servers available for service: api-articulos
2022-05-27 10:04:40,398 WARN org.springframework.cloud.loadbalancer.core.RoundRobinLoadBalancer [reactor-http-nio-3] No servers available for service: api-articulos
2022-05-27 10:04:41,109 WARN org.springframework.cloud.loadbalancer.core.RoundRobinLoadBalancer [reactor-http-nio-3] No servers available for service: api-articulos
2022-05-27 10:04:41,673 WARN org.springframework.cloud.loadbalancer.core.RoundRobinLoadBalancer [reactor-http-nio-3] No servers available for service: api-articulos
2022-05-27 10:04:42,798 WARN org.springframework.cloud.loadbalancer.core.RoundRobinLoadBalancer [reactor-http-nio-3] No servers available for service: api-articulos
2022-05-27 10:04:43,411 WARN org.springframework.cloud.loadbalancer.core.RoundRobinLoadBalancer [reactor-http-nio-3] No servers available for service: api-articulos
2022-05-27 10:04:43,837 WARN org.springframework.cloud.loadbalancer.core.RoundRobinLoadBalancer [reactor-http-nio-3] No servers available for service: api-articulos
2022-05-27 10:04:44,286 WARN org.springframework.cloud.loadbalancer.core.RoundRobinLoadBalancer [reactor-http-nio-3] No servers available for service: api-articulos
2022-05-27 10:04:44,729 WARN org.springframework.cloud.loadbalancer.core.RoundRobinLoadBalancer [reactor-http-nio-3] No servers available for service: api-articulos
2022-05-27 10:04:45,126 WARN org.springframework.cloud.loadbalancer.core.RoundRobinLoadBalancer [reactor-http-nio-3] No servers available for service: api-articulos
